2020-12-21 19:35:44.3523 INFO Entering Account Controller Registration method (GET)
2020-12-21 19:45:45.0263 INFO Entering Account Controller Login method (GET)
2020-12-21 19:46:04.3050 INFO Entering Account Controller Registration method (GET)
2020-12-21 19:46:19.7419 INFO Entering Account Controller Registration method (POST)
2020-12-21 19:46:21.5511 INFO Exiting Account Controller Registration method (POST) after successfull registration
2020-12-21 19:46:21.5680 INFO Entering Account Controller Login method (GET)
2020-12-21 19:46:26.2219 INFO Entering Account Controller Login method (POST)
2020-12-21 19:46:26.9809 INFO Exiting Account Controller Login method (POST) after successfull login
2020-12-21 19:46:27.0108 INFO Entering Home Controller Index method (GET)
2020-12-21 19:46:32.3714 INFO Exiting Home Controller Index method (GET)
2020-12-21 19:46:39.0242 INFO Entering Account Controller Logout method (GET)
2020-12-21 19:46:39.0431 INFO Entering Account Controller Login method (GET)
2020-12-21 19:47:04.8217 INFO Entering Account Controller Login method (GET)
2020-12-21 19:47:10.5408 INFO Entering Account Controller Login method (POST)
2020-12-21 19:47:10.5497 INFO Exiting Account Controller Login method (POST) after successfull login
2020-12-21 19:47:10.5637 INFO Entering Home Controller Index method (GET)
2020-12-21 19:47:10.5846 INFO Exiting Home Controller Index method (GET)
2020-12-21 19:47:12.5923 INFO Entering Account Controller Logout method (GET)
2020-12-21 19:47:12.6052 INFO Entering Account Controller Login method (GET)
2020-12-21 19:47:15.2731 INFO Entering Account Controller Login method (GET)
2020-12-21 19:47:22.5277 INFO Entering Account Controller Login method (POST)
2020-12-21 19:47:22.5427 INFO Exiting Account Controller Login method (POST) after successfull login
2020-12-21 19:47:22.5586 INFO Entering Home Controller Index method (GET)
2020-12-21 19:47:22.5646 INFO Exiting Home Controller Index method (GET)
2020-12-21 19:47:26.0932 INFO Entering Account Controller Logout method (GET)
2020-12-21 19:47:26.1101 INFO Entering Account Controller Login method (GET)
2020-12-21 19:47:30.6360 INFO Entering Account Controller Logout method (GET)
2020-12-21 19:47:30.6510 INFO Entering Account Controller Login method (GET)
2020-12-21 19:47:37.1470 INFO Entering Account Controller Logout method (GET)
2020-12-21 19:47:37.1599 INFO Entering Account Controller Login method (GET)
2020-12-21 19:47:45.9046 INFO Entering Account Controller Registration method (GET)
2020-12-21 19:47:54.7579 INFO Entering Account Controller Registration method (POST)
2020-12-21 19:47:54.7838 ERROR Exception Object reference not set to an instance of an object.
2020-12-21 19:47:54.7978 INFO Entering Home Controller Error method (GET)
2020-12-21 19:48:20.0343 INFO Entering Account Controller Registration method (GET)
2020-12-21 20:06:22.6612 INFO Entering Account Controller Registration method (GET)
2020-12-21 20:11:13.1120 INFO Entering Account Controller Registration method (GET)
2020-12-21 20:18:54.4365 INFO Entering Account Controller Registration method (GET)
